{
  "RSpec": {
    "coverage": {
      "/Users/kimdiep/Desktop/Kim-Github-Projects/makers/pair_programming/wk4/bookmarks_manager/spec/bookmark_spec.rb": [
        null,
        null,
        1,
        1,
        null,
        1,
        1,
        1,
        1,
        null,
        null,
        1,
        null,
        null,
        null,
        null,
        1,
        1,
        1,
        1,
        null,
        null,
        null,
        1,
        1,
        1,
        1,
        null,
        null,
        null
      ],
      "/Users/kimdiep/Desktop/Kim-Github-Projects/makers/pair_programming/wk4/bookmarks_manager/spec/features/bookmark_create_spec.rb": [
        null,
        null,
        1,
        1,
        1,
        1,
        1,
        null,
        1,
        null,
        null
      ],
      "/Users/kimdiep/Desktop/Kim-Github-Projects/makers/pair_programming/wk4/bookmarks_manager/spec/features/bookmark_view_spec.rb": [
        null,
        null,
        1,
        null,
        1,
        1,
        1,
        null,
        null,
        1,
        1,
        1,
        null,
        1,
        1,
        1,
        1,
        null,
        null
      ],
      "/Users/kimdiep/Desktop/Kim-Github-Projects/makers/pair_programming/wk4/bookmarks_manager/spec/features/homepage_spec.rb": [
        null,
        null,
        1,
        null,
        1,
        1,
        1,
        1,
        null,
        null
      ]
    },
    "timestamp": 1553772505
  }
}
